{
  "meta": {
    "version": "6.4.2",
    "timestamp": "2022-08-03T10:20:27.023334",
    "branch_coverage": false,
    "show_contexts": false
  },
  "files": {
    "jsonlogformatter/__init__.py": {
      "executed_lines": [
        1,
        2,
        3,
        4,
        5,
        6,
        11,
        36,
        37,
        97,
        104,
        105,
        106,
        107,
        109,
        110,
        111,
        112,
        115,
        116,
        118,
        127,
        128,
        130,
        133,
        134,
        137,
        138,
        141,
        143,
        145
      ],
      "summary": {
        "covered_lines": 30,
        "num_statements": 30,
        "percent_covered": 100.0,
        "percent_covered_display": "100",
        "missing_lines": 0,
        "excluded_lines": 0
      },
      "missing_lines": [],
      "excluded_lines": []
    },
    "tests/test_jsonlogformatter.py": {
      "executed_lines": [
        1,
        2,
        3,
        4,
        5,
        7,
        18,
        19,
        20,
        21,
        22,
        23,
        24,
        26,
        27,
        29,
        33,
        34,
        35,
        37,
        38,
        39,
        40,
        44,
        45,
        46,
        47,
        49,
        50,
        51,
        52,
        54,
        55,
        56,
        57,
        61,
        62,
        63
      ],
      "summary": {
        "covered_lines": 38,
        "num_statements": 38,
        "percent_covered": 100.0,
        "percent_covered_display": "100",
        "missing_lines": 0,
        "excluded_lines": 0
      },
      "missing_lines": [],
      "excluded_lines": []
    }
  },
  "totals": {
    "covered_lines": 68,
    "num_statements": 68,
    "percent_covered": 100.0,
    "percent_covered_display": "100",
    "missing_lines": 0,
    "excluded_lines": 0
  }
}